app/build/outputs/mapping/debug/seeds.txt
com.newbee.ble_tool.util.HudSendImageType
com.newbee.ble_tool.util.HudImageShowType
com.newbee.ble_tool.activity.MainActivity
com.newbee.ble_tool.util.HudCmdType
com.newbee.ble_tool.app.MyApp
com.newbee.ble_tool.type.HudDeviceSendDataType
com.newbee.ble_tool.util.HudImageType
com.newbee.ble_tool.type.HudDevice
com.newbee.ble_tool.type.HudDeviceSendDataType: com.newbee.ble_tool.type.HudDeviceSendDataType[] values()
com.newbee.ble_tool.util.HudSendImageType: com.newbee.ble_tool.util.HudSendImageType[] values()
com.newbee.ble_tool.util.HudImageShowType: com.newbee.ble_tool.util.HudImageShowType[] values()
com.newbee.ble_tool.type.HudDevice: com.newbee.ble_tool.type.HudDevice[] values()
com.newbee.ble_tool.util.HudCmdType: com.newbee.ble_tool.util.HudCmdType valueOf(java.lang.String)
com.newbee.ble_tool.util.HudImageShowType: com.newbee.ble_tool.util.HudImageShowType valueOf(java.lang.String)
com.newbee.ble_tool.app.MyApp: MyApp()
com.newbee.ble_tool.activity.MainActivity: MainActivity()
com.newbee.ble_tool.type.HudDeviceSendDataType: com.newbee.ble_tool.type.HudDeviceSendDataType valueOf(java.lang.String)
com.newbee.ble_tool.util.HudSendImageType: com.newbee.ble_tool.util.HudSendImageType valueOf(java.lang.String)
com.newbee.ble_tool.type.HudDevice: com.newbee.ble_tool.type.HudDevice valueOf(java.lang.String)
com.newbee.ble_tool.util.HudImageType: com.newbee.ble_tool.util.HudImageType[] values()
com.newbee.ble_tool.util.HudImageType: com.newbee.ble_tool.util.HudImageType valueOf(java.lang.String)
com.newbee.ble_tool.util.HudCmdType: com.newbee.ble_tool.util.HudCmdType[] values()
...
androidx.appcompat.widget.AppCompatImageButton: void setImageDrawable(android.graphics.drawable.Drawable)
androidx.appcompat.widget.AppCompatRadioButton: void setBackgroundDrawable(android.graphics.drawable.Drawable)
androidx.recyclerview.widget.RecyclerView$LayoutManager: RecyclerView$LayoutManager()
androidx.appcompat.widget.AppCompatButton: int getAutoSizeTextType()
androidx.appcompat.widget.ActionMenuView: void setOverflowReserved(boolean)
androidx.appcompat.widget.AppCompatCheckBox: void setSupportButtonTintList(android.content.res.ColorStateList)
androidx.appcompat.widget.AppCompatCheckBox: void setSupportBackgroundTintMode(android.graphics.PorterDuff$Mode)
androidx.appcompat.widget.SearchView: void setOnCloseListener(androidx.appcompat.widget.SearchView$OnCloseListener)
androidx.vectordrawable.graphics.drawable.VectorDrawableCompat$VectorDrawableDelegateState: int getChangingConfigurations()
androidx.appcompat.widget.AppCompatTextView: void setSupportCompoundDrawablesTintList(android.content.res.ColorStateList)
androidx.appcompat.widget.Toolbar: android.widget.TextView getTitleTextView()
androidx.recyclerview.widget.RecyclerView: void setNestedScrollingEnabled(boolean)
androidx.appcompat.widget.AppCompatMultiAutoCompleteTextView: void setBackgroundDrawable(android.graphics.drawable.Drawable)
androidx.appcompat.widget.AppCompatImageButton: android.content.res.ColorStateList getSupportImageTintList()
androidx.appcompat.widget.AppCompatMultiAutoCompleteTextView: void setBackgroundResource(int)
androidx.appcompat.widget.Toolbar: void setTitleTextColor(int)
androidx.core.view.WindowInsetsCompat$Impl: androidx.core.view.WindowInsetsCompat consumeSystemWindowInsets()
androidx.appcompat.widget.AppCompatTextViewAutoSizeHelper$Impl29: boolean isHorizontallyScrollable(android.widget.TextView)
androidx.recyclerview.widget.RecyclerView: androidx.recyclerview.widget.RecyclerViewAccessibilityDelegate getCompatAccessibilityDelegate()
androidx.appcompat.widget.SearchView$SearchAutoComplete: void setThreshold(int)
androidx.appcompat.widget.AppCompatButton: android.content.res.ColorStateList getSupportBackgroundTintList()
androidx.core.graphics.BlendModeCompat: androidx.core.graphics.BlendModeCompat[] values()
com.newbee.ble_lib.NewBeeBleManager: void init(android.content.Context)
androidx.appcompat.widget.AppCompatButton: android.content.res.ColorStateList getSupportCompoundDrawablesTintList()
androidx.recyclerview.widget.GridLayoutManager: GridLayoutManager(android.content.Context,android.util.AttributeSet,int,int)
androidx.appcompat.widget.AppCompatTextView: android.content.res.ColorStateList getSupportCompoundDrawablesTintList()
androidx.recyclerview.widget.RecyclerView: void setLayoutTransition(android.animation.LayoutTransition)
androidx.appcompat.widget.SearchView: void setSuggestionsAdapter(androidx.cursoradapter.widget.CursorAdapter)
androidx.appcompat.widget.Toolbar: int getContentInsetRight()
androidx.appcompat.widget.Toolbar: void setOnMenuItemClickListener(androidx.appcompat.widget.Toolbar$OnMenuItemClickListener)
androidx.appcompat.widget.Toolbar: android.view.MenuInflater getMenuInflater()
androidx.core.view.WindowInsetsCompat$Impl28: WindowInsetsCompat$Impl28(androidx.core.view.WindowInsetsCompat,android.view.WindowInsets)
androidx.recyclerview.widget.RecyclerView: void setViewCacheExtension(androidx.recyclerview.widget.RecyclerView$ViewCacheExtension)
androidx.appcompat.widget.FitWindowsLinearLayout: FitWindowsLinearLayout(android.content.Context,android.util.AttributeSet)
com.newbee.t800_lib.bean.T800LaneCountBean: T800LaneCountBean()
androidx.appcompat.widget.AppCompatAutoCompleteTextView: void setSupportBackgroundTintMode(android.graphics.PorterDuff$Mode)
androidx.core.view.accessibility.AccessibilityViewCommand$SetSelectionArguments: AccessibilityViewCommand$SetSelectionArguments()
androidx.appcompat.widget.AppCompatTextView: java.lang.CharSequence getText()