app/build/outputs/mapping/debug/mapping.txt
# compiler: R8
# compiler_version: 3.3.83
# min_api: 24
# common_typos_disable
# {"id":"com.android.tools.r8.mapping","version":"2.0"}
# pg_map_id: ee6a89f
# pg_map_hash: SHA-256 ee6a89f209446309b45384347914669556d4c1b7639f08edf72ae2d13a9aa6e4
com.newbee.ble_tool.activity.MainActivity -> com.newbee.ble_tool.activity.MainActivity:
    61:190:void <init>() -> <init>
    61:61:android.os.Handler access$000(com.newbee.ble_tool.activity.MainActivity) -> access$000
    61:61:java.lang.Runnable access$100(com.newbee.ble_tool.activity.MainActivity) -> access$100
    61:61:java.lang.String access$1000(com.newbee.ble_tool.activity.MainActivity) -> access$1000
    61:61:android.widget.ImageView access$1100(com.newbee.ble_tool.activity.MainActivity) -> access$1100
    61:61:void access$1200(com.newbee.ble_tool.activity.MainActivity,com.nrmyw.ble_event_lib.bean.BleSendImageEndInfoBean) -> access$1200
    61:61:int access$1300(com.newbee.ble_tool.activity.MainActivity) -> access$1300
    61:61:int access$1308(com.newbee.ble_tool.activity.MainActivity) -> access$1308
    61:61:android.widget.TextView access$1400(com.newbee.ble_tool.activity.MainActivity) -> access$1400
    61:61:boolean access$200(com.newbee.ble_tool.activity.MainActivity) -> access$200
    61:61:boolean access$202(com.newbee.ble_tool.activity.MainActivity,boolean) -> access$202
    61:61:boolean access$300(com.newbee.ble_tool.activity.MainActivity) -> access$300
    61:61:boolean access$302(com.newbee.ble_tool.activity.MainActivity,boolean) -> access$302
    61:61:long access$400(com.newbee.ble_tool.activity.MainActivity) -> access$400
    61:61:long access$402(com.newbee.ble_tool.activity.MainActivity,long) -> access$402
com.newbee.ble_tool.activity.MainActivity$$ExternalSyntheticApiModelOutline0 -> com.newbee.ble_tool.activity.MainActivity$$ExternalSyntheticApiModelOutline0:
# {"id":"sourceFile","fileName":"R8$$SyntheticClass"}
# {"id":"com.android.tools.r8.synthesized"}
    boolean com.newbee.ble_tool.activity.MainActivity$$InternalSyntheticApiModelOutline$1$51a13f0c2079808be1920f2c17522515c19dd2b9194eff732bb280fe48edeaf9$0.m() -> m
      # {"id":"com.android.tools.r8.synthesized"}
com.newbee.ble_tool.activity.MainActivity$1 -> com.newbee.ble_tool.activity.MainActivity$1:
    62:62:void <init>(com.newbee.ble_tool.activity.MainActivity) -> <init>
    65:76:void sendBleStatu(com.nrmyw.ble_event_lib.statu.BleStatu,java.lang.Object[]) -> sendBleStatu
com.newbee.ble_tool.activity.MainActivity$2 -> com.newbee.ble_tool.activity.MainActivity$2:
    80:80:void <init>(com.newbee.ble_tool.activity.MainActivity) -> <init>
    83:152:void onClick(android.view.View) -> onClick
com.newbee.ble_tool.activity.MainActivity$3 -> com.newbee.ble_tool.activity.MainActivity$3:
    180:180:void <init>(com.newbee.ble_tool.activity.MainActivity) -> <init>
    183:188:void run() -> run
com.newbee.ble_tool.activity.MainActivity$4 -> com.newbee.ble_tool.activity.MainActivity$4:
    190:190:void <init>(com.newbee.ble_tool.activity.MainActivity) -> <init>
    193:294:void handleMessage(android.os.Message) -> handleMessage
com.newbee.ble_tool.activity.MainActivity$5 -> com.newbee.ble_tool.activity.MainActivity$5:
    209:209:void <clinit>() -> <clinit>
com.newbee.ble_tool.app.MyApp -> com.newbee.ble_tool.app.MyApp:
    25:25:void <init>() -> <init>
    55:56:void close() -> close
    29:46:void init() -> init
    51:51:void needClear(java.lang.String) -> needClear
    59:82:void startTo() -> startTo
com.newbee.ble_tool.app.MyApp$$ExternalSyntheticApiModelOutline0 -> com.newbee.ble_tool.app.MyApp$$ExternalSyntheticApiModelOutline0:
# {"id":"sourceFile","fileName":"R8$$SyntheticClass"}
# {"id":"com.android.tools.r8.synthesized"}
    void com.newbee.ble_tool.app.MyApp$$InternalSyntheticApiModelOutline$1$839a23ac8e2571745704bfd161e8c898875e56129e794ab70b910d75e6b84ceb$0.m(android.app.NotificationManager,android.app.NotificationChannel) -> m
      # {"id":"com.android.tools.r8.synthesized"}
...
androidx.appcompat.view.menu.ActionMenuItemView$ActionMenuItemForwardingListener -> androidx.appcompat.view.menu.ActionMenuItemView$ActionMenuItemForwardingListener:
    299:301:void <init>(androidx.appcompat.view.menu.ActionMenuItemView) -> <init>
    305:308:androidx.appcompat.view.menu.ShowableListMenu getPopup() -> getPopup
    314:318:boolean onForwardingStarted() -> onForwardingStarted
androidx.appcompat.view.menu.ActionMenuItemView$PopupCallback -> androidx.appcompat.view.menu.ActionMenuItemView$PopupCallback:
    336:336:void <init>() -> <init>
androidx.appcompat.view.menu.BaseMenuPresenter -> androidx.appcompat.view.menu.BaseMenuPresenter:
    61:66:void <init>(android.content.Context,int,int) -> <init>
    134:139:void addItemView(android.view.View,int) -> addItemView
    239:239:boolean collapseItemActionView(androidx.appcompat.view.menu.MenuBuilder,androidx.appcompat.view.menu.MenuItemImpl) -> collapseItemActionView
    167:167:androidx.appcompat.view.menu.MenuView$ItemView createItemView(android.view.ViewGroup) -> createItemView
    234:234:boolean expandItemActionView(androidx.appcompat.view.menu.MenuBuilder,androidx.appcompat.view.menu.MenuItemImpl) -> expandItemActionView
    148:149:boolean filterLeftoverView(android.view.ViewGroup,int) -> filterLeftoverView
    158:158:androidx.appcompat.view.menu.MenuPresenter$Callback getCallback() -> getCallback
    183:189:android.view.View getItemView(androidx.appcompat.view.menu.MenuItemImpl,android.view.View,android.view.ViewGroup) -> getItemView
    77:83:androidx.appcompat.view.menu.MenuView getMenuView(android.view.ViewGroup) -> getMenuView
    70:73:void initForMenu(android.content.Context,androidx.appcompat.view.menu.MenuBuilder) -> initForMenu
    213:216:void onCloseMenu(androidx.appcompat.view.menu.MenuBuilder,boolean) -> onCloseMenu
    220:224:boolean onSubMenuSelected(androidx.appcompat.view.menu.SubMenuBuilder) -> onSubMenuSelected
    154:155:void setCallback(androidx.appcompat.view.menu.MenuPresenter$Callback) -> setCallback
androidx.appcompat.view.menu.BaseMenuWrapper -> androidx.appcompat.view.menu.BaseMenuWrapper:
    34:36:void <init>(android.content.Context) -> <init>
    39:58:android.view.MenuItem getMenuItemWrapper(android.view.MenuItem) -> getMenuItemWrapper
    62:78:android.view.SubMenu getSubMenuWrapper(android.view.SubMenu) -> getSubMenuWrapper
    83:89:void internalClear() -> internalClear
    92:101:void internalRemoveGroup(int) -> internalRemoveGroup
    104:113:void internalRemoveItem(int) -> internalRemoveItem