app/build/outputs/mapping/debug/usage.txt
com.newbee.ble_tool.BuildConfig
com.newbee.ble_tool.R$color
com.newbee.ble_tool.R$drawable
com.newbee.ble_tool.R$id
com.newbee.ble_tool.R$layout
com.newbee.ble_tool.R$mipmap
com.newbee.ble_tool.R$string
com.newbee.ble_tool.R
com.newbee.ble_tool.activity.MainActivity:
    private static final int REQUEST_MANAGE_FILES_ACCESS
com.newbee.ble_tool.app.MyApp:
    public static final java.lang.String bleDeviceShareStr
com.newbee.ble_tool.config.T800Config:
    public static final java.lang.String ACTION_GATT_CONNECTED
    public static final java.lang.String ACTION_GATT_DISCONNECTED
    public static final java.lang.String ACTION_GATT_SERVICES_DISCOVERED
    public static final java.lang.String ACTION_GATT_WRITE_STATE
    public static final boolean isAutomatic
    public static final int mtu
    public void <init>()
com.newbee.ble_tool.type.HudDevice:
    private void <init>(java.lang.String,int,java.lang.String,int,com.newbee.ble_tool.type.HudDeviceSendDataType)
    public static com.newbee.ble_tool.type.HudDevice getBleDeviceType(com.nrmyw.ble_event_lib.bean.BleDeviceBean)
    public com.newbee.ble_tool.type.HudDeviceSendDataType getSendDataType()
com.newbee.ble_tool.util.HudBleByteUtil:
    public void <init>()
com.newbee.ble_tool.util.HudCmdSendDataUtil:
    public void <init>()
com.newbee.ble_tool.util.HudConfig:
    public static final java.lang.String ACTION_GATT_CONNECTED
    public static final java.lang.String ACTION_GATT_DISCONNECTED
    public static final java.lang.String ACTION_GATT_SERVICES_DISCOVERED
    public static final java.lang.String ACTION_GATT_WRITE_STATE
    public static final boolean isAutomatic
    public static final int mtu
    public static final java.lang.String noticeID
    public static final java.lang.String serviceID
    public static final java.lang.String writeID
    public void <init>()
com.newbee.ble_tool.util.HudImageShowType:
    public byte getType()
com.newbee.ble_tool.util.HudImageType:
    public byte getType()
...
com.google.gson.internal.$Gson$Types$ParameterizedTypeImpl:
    private static final long serialVersionUID
com.google.gson.internal.$Gson$Types$WildcardTypeImpl:
    private static final long serialVersionUID
com.google.gson.internal.$Gson$Types:
    private void <init>()
com.google.gson.internal.Excluder:
    private static final double IGNORE_VERSIONS
    public com.google.gson.internal.Excluder disableInnerClassSerialization()
    public com.google.gson.internal.Excluder excludeFieldsWithoutExposeAnnotation()
    public com.google.gson.internal.Excluder withExclusionStrategy(com.google.gson.ExclusionStrategy,boolean,boolean)
    public varargs com.google.gson.internal.Excluder withModifiers(int[])
    public com.google.gson.internal.Excluder withVersion(double)
com.google.gson.internal.GsonBuildConfig
com.google.gson.internal.JavaVersion:
    private void <init>()
com.google.gson.internal.LazilyParsedNumber:
    private java.lang.Object writeReplace()
com.google.gson.internal.LinkedHashTreeMap:
    private java.lang.Object writeReplace()
com.google.gson.internal.LinkedTreeMap:
    private java.lang.Object writeReplace()
com.google.gson.internal.PreJava9DateFormatProvider:
    public void <init>()
    private static java.lang.String getDateFormatPattern(int)
    public static java.text.DateFormat getUSDateFormat(int)
com.google.gson.internal.Primitives:
    private void <init>()
    public static boolean isWrapperType(java.lang.reflect.Type)
    public static java.lang.Class unwrap(java.lang.Class)
com.google.gson.internal.Streams:
    private void <init>()
com.google.gson.internal.bind.JsonTreeReader:
    public void <init>(com.google.gson.JsonElement)
com.google.gson.internal.bind.JsonTreeWriter:
    public com.google.gson.stream.JsonWriter value(double)
com.google.gson.internal.bind.TreeTypeAdapter$GsonContextImpl:
    public java.lang.Object deserialize(com.google.gson.JsonElement,java.lang.reflect.Type)
    public com.google.gson.JsonElement serialize(java.lang.Object)
    public com.google.gson.JsonElement serialize(java.lang.Object,java.lang.reflect.Type)
com.google.gson.internal.bind.TreeTypeAdapter$SingleTypeFactory
com.google.gson.internal.bind.TreeTypeAdapter:
    public static com.google.gson.TypeAdapterFactory newFactory(com.google.gson.reflect.TypeToken,java.lang.Object)
    public static com.google.gson.TypeAdapterFactory newFactoryWithMatchRawType(com.google.gson.reflect.TypeToken,java.lang.Object)
    public static com.google.gson.TypeAdapterFactory newTypeHierarchyFactory(java.lang.Class,java.lang.Object)
com.google.gson.internal.bind.TypeAdapters$27:
    private static final java.lang.String DAY_OF_MONTH
    private static final java.lang.String HOUR_OF_DAY
    private static final java.lang.String MINUTE
    private static final java.lang.String MONTH
    private static final java.lang.String SECOND
    private static final java.lang.String YEAR
com.google.gson.internal.bind.TypeAdapters$31
com.google.gson.internal.bind.TypeAdapters:
    private void <init>()
    public static com.google.gson.TypeAdapterFactory newFactory(com.google.gson.reflect.TypeToken,com.google.gson.TypeAdapter)
com.google.gson.internal.bind.util.ISO8601Utils:
    private static final java.lang.String UTC_ID
    public void <init>()
    public static java.lang.String format(java.util.Date)
    public static java.lang.String format(java.util.Date,boolean)
    public static java.lang.String format(java.util.Date,boolean,java.util.TimeZone)
    private static void padInt(java.lang.StringBuilder,int,int)